Release 14.7 - xst P.20131013 (lin64)
Copyright (c) 1995-2013 Xilinx, Inc.  All rights reserved.
--> 
Parameter TMPDIR set to xst/projnav.tmp


Total REAL time to Xst completion: 0.00 secs
Total CPU time to Xst completion: 0.05 secs
 
--> 
Parameter xsthdpdir set to xst


Total REAL time to Xst completion: 0.00 secs
Total CPU time to Xst completion: 0.05 secs
 
--> 
Reading design: BCDcounter.prj

TABLE OF CONTENTS
  1) Synthesis Options Summary
  2) HDL Compilation
  3) Design Hierarchy Analysis
  4) HDL Analysis
  5) HDL Synthesis
     5.1) HDL Synthesis Report
  6) Advanced HDL Synthesis
     6.1) Advanced HDL Synthesis Report
  7) Low Level Synthesis
  8) Partition Report
  9) Final Report
	9.1) Device utilization summary
	9.2) Partition Resource Summary
	9.3) TIMING REPORT


=========================================================================
*                      Synthesis Options Summary                        *
=========================================================================
---- Source Parameters
Input File Name                    : "BCDcounter.prj"
Input Format                       : mixed
Ignore Synthesis Constraint File   : NO

---- Target Parameters
Output File Name                   : "BCDcounter"
Output Format                      : NGC
Target Device                      : xc3s500e-5-pq208

---- Source Options
Top Module Name                    : BCDcounter
Automatic FSM Extraction           : YES
FSM Encoding Algorithm             : Auto
Safe Implementation                : No
FSM Style                          : LUT
RAM Extraction                     : Yes
RAM Style                          : Auto
ROM Extraction                     : Yes
Mux Style                          : Auto
Decoder Extraction                 : YES
Priority Encoder Extraction        : Yes
Shift Register Extraction          : YES
Logical Shifter Extraction         : YES
XOR Collapsing                     : YES
ROM Style                          : Auto
Mux Extraction                     : Yes
Resource Sharing                   : YES
Asynchronous To Synchronous        : NO
Multiplier Style                   : Auto
Automatic Register Balancing       : No

---- Target Options
Add IO Buffers                     : YES
Global Maximum Fanout              : 500
Add Generic Clock Buffer(BUFG)     : 24
Register Duplication               : YES
Slice Packing                      : YES
Optimize Instantiated Primitives   : NO
Use Clock Enable                   : Yes
Use Synchronous Set                : Yes
Use Synchronous Reset              : Yes
Pack IO Registers into IOBs        : Auto
Equivalent register Removal        : YES

---- General Options
Optimization Goal                  : Speed
Optimization Effort                : 1
Keep Hierarchy                     : No
Netlist Hierarchy                  : As_Optimized
RTL Output                         : Yes
Global Optimization                : AllClockNets
Read Cores                         : YES
Write Timing Constraints           : NO
Cross Clock Analysis               : NO
Hierarchy Separator                : /
Bus Delimiter                      : <>
Case Specifier                     : Maintain
Slice Utilization Ratio            : 100
BRAM Utilization Ratio             : 100
Verilog 2001                       : YES
Auto BRAM Packing                  : NO
Slice Utilization Ratio Delta      : 5

=========================================================================


=========================================================================
*                          HDL Compilation                              *
=========================================================================
Compiling vhdl file "/home/erid/Documents/GitHub/Xilinx-Projects/count74190/BCDcounter.vhd" in Library work.
Entity <bcdcounter> compiled.
Entity <bcdcounter> (Architecture <behavioral>) compiled.

=========================================================================
*                     Design Hierarchy Analysis                         *
=========================================================================
Analyzing hierarchy for entity <BCDcounter> in library <work> (architecture <behavioral>).


=========================================================================
*                            HDL Analysis                               *
=========================================================================
Analyzing Entity <BCDcounter> in library <work> (Architecture <behavioral>).
Entity <BCDcounter> analyzed. Unit <BCDcounter> generated.


=========================================================================
*                           HDL Synthesis                               *
=========================================================================

Performing bidirectional port resolution...

Synthesizing Unit <BCDcounter>.
    Related source file is "/home/erid/Documents/GitHub/Xilinx-Projects/count74190/BCDcounter.vhd".
    Found 4-bit register for signal <count_out>.
    Found 32-bit up counter for signal <count>.
    Found 4-bit updown counter for signal <counttmp>.
    Found 1-bit register for signal <tmp>.
    Summary:
	inferred   2 Counter(s).
	inferred   5 D-type flip-flop(s).
Unit <BCDcounter> synthesized.


=========================================================================
HDL Synthesis Report

Macro Statistics
# Counters                                             : 2
 32-bit up counter                                     : 1
 4-bit updown counter                                  : 1
# Registers                                            : 2
 1-bit register                                        : 1
 4-bit register                                        : 1

=========================================================================

=========================================================================
*                       Advanced HDL Synthesis                          *
=========================================================================


=========================================================================
Advanced HDL Synthesis Report

Macro Statistics
# Counters                                             : 2
 32-bit up counter                                     : 1
 4-bit updown counter                                  : 1
# Registers                                            : 5
 Flip-Flops                                            : 5

=========================================================================

=========================================================================
*                         Low Level Synthesis                           *
=========================================================================

Optimizing unit <BCDcounter> ...

Mapping all equations...
Building and optimizing final netlist ...
Found area constraint ratio of 100 (+ 5) on block BCDcounter, actual ratio is 1.

Final Macro Processing ...

=========================================================================
Final Register Report

Macro Statistics
# Registers                                            : 41
 Flip-Flops                                            : 41

=========================================================================

=========================================================================
*                           Partition Report                            *
=========================================================================

Partition Implementation Status
-------------------------------

  No Partitions were found in this design.

-------------------------------

=========================================================================
*                            Final Report                               *
=========================================================================
Final Results
RTL Top Level Output File Name     : BCDcounter.ngr
Top Level Output File Name         : BCDcounter
Output Format                      : NGC
Optimization Goal                  : Speed
Keep Hierarchy                     : No

Design Statistics
# IOs                              : 14

Cell Usage :
# BELS                             : 161
#      GND                         : 1
#      INV                         : 4
#      LUT1                        : 31
#      LUT2                        : 32
#      LUT3                        : 7
#      LUT4                        : 13
#      MUXCY                       : 39
#      MUXF5                       : 1
#      VCC                         : 1
#      XORCY                       : 32
# FlipFlops/Latches                : 41
#      FDC                         : 31
#      FDCE                        : 1
#      FDP                         : 1
#      FDRE                        : 8
# Clock Buffers                    : 1
#      BUFGP                       : 1
# IO Buffers                       : 13
#      IBUF                        : 8
#      OBUF                        : 5
=========================================================================

Device utilization summary:
---------------------------

Selected Device : 3s500epq208-5 

 Number of Slices:                       45  out of   4656     0%  
 Number of Slice Flip Flops:             41  out of   9312     0%  
 Number of 4 input LUTs:                 87  out of   9312     0%  
 Number of IOs:                          14
 Number of bonded IOBs:                  14  out of    158     8%  
 Number of GCLKs:                         1  out of     24     4%  

---------------------------
Partition Resource Summary:
---------------------------

  No Partitions were found in this design.

---------------------------


=========================================================================
TIMING REPORT

NOTE: THESE TIMING NUMBERS ARE ONLY A SYNTHESIS ESTIMATE.
      FOR ACCURATE TIMING INFORMATION PLEASE REFER TO THE TRACE REPORT
      GENERATED AFTER PLACE-and-ROUTE.

Clock Information:
------------------
-----------------------------------+------------------------+-------+
Clock Signal                       | Clock buffer(FF name)  | Load  |
-----------------------------------+------------------------+-------+
clk                                | BUFGP                  | 33    |
tmp                                | NONE(count_out_0)      | 8     |
-----------------------------------+------------------------+-------+
INFO:Xst:2169 - HDL ADVISOR - Some clock signals were not automatically buffered by XST with BUFG/BUFR resources. Please use the buffer_type constraint in order to insert these buffers to the clock signals to help prevent skew problems.

Asynchronous Control Signals Information:
----------------------------------------
-----------------------------------+------------------------+-------+
Control Signal                     | Buffer(FF name)        | Load  |
-----------------------------------+------------------------+-------+
reset_inv(reset_inv1_INV_0:O)      | NONE(count_0)          | 33    |
-----------------------------------+------------------------+-------+

Timing Summary:
---------------
Speed Grade: -5

   Minimum period: 5.560ns (Maximum Frequency: 179.841MHz)
   Minimum input arrival time before clock: 3.644ns
   Maximum output required time after clock: 5.417ns
   Maximum combinational path delay: No path found

Timing Detail:
--------------
All values displayed in nanoseconds (ns)

=========================================================================
Timing constraint: Default period analysis for Clock 'clk'
  Clock period: 5.560ns (frequency: 179.841MHz)
  Total number of paths / destination ports: 1585 / 34
-------------------------------------------------------------------------
Delay:               5.560ns (Levels of Logic = 33)
  Source:            count_1 (FF)
  Destination:       count_31 (FF)
  Source Clock:      clk rising
  Destination Clock: clk rising

  Data Path: count_1 to count_31
                                Gate     Net
    Cell:in->out      fanout   Delay   Delay  Logical Name (Net Name)
    ----------------------------------------  ------------
     FDC:C->Q              2   0.514   0.532  count_1 (count_1)
     LUT1:I0->O            1   0.612   0.000  Mcount_count_cy<1>_rt (Mcount_count_cy<1>_rt)
     MUXCY:S->O            1   0.404   0.000  Mcount_count_cy<1> (Mcount_count_cy<1>)
     MUXCY:CI->O           1   0.052   0.000  Mcount_count_cy<2> (Mcount_count_cy<2>)
     MUXCY:CI->O           1   0.052   0.000  Mcount_count_cy<3> (Mcount_count_cy<3>)
     MUXCY:CI->O           1   0.052   0.000  Mcount_count_cy<4> (Mcount_count_cy<4>)
     MUXCY:CI->O           1   0.052   0.000  Mcount_count_cy<5> (Mcount_count_cy<5>)
     MUXCY:CI->O           1   0.052   0.000  Mcount_count_cy<6> (Mcount_count_cy<6>)
     MUXCY:CI->O           1   0.052   0.000  Mcount_count_cy<7> (Mcount_count_cy<7>)
     MUXCY:CI->O           1   0.052   0.000  Mcount_count_cy<8> (Mcount_count_cy<8>)
     MUXCY:CI->O           1   0.052   0.000  Mcount_count_cy<9> (Mcount_count_cy<9>)
     MUXCY:CI->O           1   0.052   0.000  Mcount_count_cy<10> (Mcount_count_cy<10>)
     MUXCY:CI->O           1   0.052   0.000  Mcount_count_cy<11> (Mcount_count_cy<11>)
     MUXCY:CI->O           1   0.052   0.000  Mcount_count_cy<12> (Mcount_count_cy<12>)
     MUXCY:CI->O           1   0.052   0.000  Mcount_count_cy<13> (Mcount_count_cy<13>)
     MUXCY:CI->O           1   0.052   0.000  Mcount_count_cy<14> (Mcount_count_cy<14>)
     MUXCY:CI->O           1   0.052   0.000  Mcount_count_cy<15> (Mcount_count_cy<15>)
     MUXCY:CI->O           1   0.052   0.000  Mcount_count_cy<16> (Mcount_count_cy<16>)
     MUXCY:CI->O           1   0.052   0.000  Mcount_count_cy<17> (Mcount_count_cy<17>)
     MUXCY:CI->O           1   0.052   0.000  Mcount_count_cy<18> (Mcount_count_cy<18>)
     MUXCY:CI->O           1   0.052   0.000  Mcount_count_cy<19> (Mcount_count_cy<19>)
     MUXCY:CI->O           1   0.052   0.000  Mcount_count_cy<20> (Mcount_count_cy<20>)
     MUXCY:CI->O           1   0.052   0.000  Mcount_count_cy<21> (Mcount_count_cy<21>)
     MUXCY:CI->O           1   0.052   0.000  Mcount_count_cy<22> (Mcount_count_cy<22>)
     MUXCY:CI->O           1   0.052   0.000  Mcount_count_cy<23> (Mcount_count_cy<23>)
     MUXCY:CI->O           1   0.052   0.000  Mcount_count_cy<24> (Mcount_count_cy<24>)
     MUXCY:CI->O           1   0.052   0.000  Mcount_count_cy<25> (Mcount_count_cy<25>)
     MUXCY:CI->O           1   0.052   0.000  Mcount_count_cy<26> (Mcount_count_cy<26>)
     MUXCY:CI->O           1   0.052   0.000  Mcount_count_cy<27> (Mcount_count_cy<27>)
     MUXCY:CI->O           1   0.052   0.000  Mcount_count_cy<28> (Mcount_count_cy<28>)
     MUXCY:CI->O           1   0.052   0.000  Mcount_count_cy<29> (Mcount_count_cy<29>)
     MUXCY:CI->O           0   0.052   0.000  Mcount_count_cy<30> (Mcount_count_cy<30>)
     XORCY:CI->O           1   0.699   0.426  Mcount_count_xor<31> (Result<31>)
     LUT2:I1->O            1   0.612   0.000  Mcount_count_eqn_311 (Mcount_count_eqn_31)
     FDC:D                     0.268          count_31
    ----------------------------------------
    Total                      5.560ns (4.603ns logic, 0.958ns route)
                                       (82.8% logic, 17.2% route)

=========================================================================
Timing constraint: Default period analysis for Clock 'tmp'
  Clock period: 4.306ns (frequency: 232.229MHz)
  Total number of paths / destination ports: 50 / 16
-------------------------------------------------------------------------
Delay:               4.306ns (Levels of Logic = 2)
  Source:            counttmp_0 (FF)
  Destination:       counttmp_0 (FF)
  Source Clock:      tmp rising
  Destination Clock: tmp rising

  Data Path: counttmp_0 to counttmp_0
                                Gate     Net
    Cell:in->out      fanout   Delay   Delay  Logical Name (Net Name)
    ----------------------------------------  ------------
     FDRE:C->Q             7   0.514   0.671  counttmp_0 (counttmp_0)
     LUT4:I1->O            3   0.612   0.603  carry_out_cmp_eq00001 (carry_out_OBUF)
     LUT4:I0->O            4   0.612   0.499  counttmp_and00001 (counttmp_and0000)
     FDRE:R                    0.795          counttmp_0
    ----------------------------------------
    Total                      4.306ns (2.533ns logic, 1.773ns route)
                                       (58.8% logic, 41.2% route)

=========================================================================
Timing constraint: Default OFFSET IN BEFORE for Clock 'tmp'
  Total number of paths / destination ports: 47 / 23
-------------------------------------------------------------------------
Offset:              3.644ns (Levels of Logic = 2)
  Source:            loadenb (PAD)
  Destination:       counttmp_0 (FF)
  Destination Clock: tmp rising

  Data Path: loadenb to counttmp_0
                                Gate     Net
    Cell:in->out      fanout   Delay   Delay  Logical Name (Net Name)
    ----------------------------------------  ------------
     IBUF:I->O             7   1.106   0.632  loadenb_IBUF (loadenb_IBUF)
     LUT4:I2->O            4   0.612   0.499  counttmp_and00001 (counttmp_and0000)
     FDRE:R                    0.795          counttmp_0
    ----------------------------------------
    Total                      3.644ns (2.513ns logic, 1.131ns route)
                                       (69.0% logic, 31.0% route)

=========================================================================
Timing constraint: Default OFFSET OUT AFTER for Clock 'tmp'
  Total number of paths / destination ports: 8 / 5
-------------------------------------------------------------------------
Offset:              5.417ns (Levels of Logic = 2)
  Source:            counttmp_0 (FF)
  Destination:       carry_out (PAD)
  Source Clock:      tmp rising

  Data Path: counttmp_0 to carry_out
                                Gate     Net
    Cell:in->out      fanout   Delay   Delay  Logical Name (Net Name)
    ----------------------------------------  ------------
     FDRE:C->Q             7   0.514   0.671  counttmp_0 (counttmp_0)
     LUT4:I1->O            3   0.612   0.451  carry_out_cmp_eq00001 (carry_out_OBUF)
     OBUF:I->O                 3.169          carry_out_OBUF (carry_out)
    ----------------------------------------
    Total                      5.417ns (4.295ns logic, 1.122ns route)
                                       (79.3% logic, 20.7% route)

=========================================================================


Total REAL time to Xst completion: 4.00 secs
Total CPU time to Xst completion: 4.11 secs
 
--> 


Total memory usage is 519940 kilobytes

Number of errors   :    0 (   0 filtered)
Number of warnings :    0 (   0 filtered)
Number of infos    :    1 (   0 filtered)

