Release 14.7 - xst P.20131013 (lin64)
Copyright (c) 1995-2013 Xilinx, Inc.  All rights reserved.
--> 
Parameter TMPDIR set to xst/projnav.tmp


Total REAL time to Xst completion: 0.00 secs
Total CPU time to Xst completion: 0.05 secs
 
--> 
Parameter xsthdpdir set to xst


Total REAL time to Xst completion: 0.00 secs
Total CPU time to Xst completion: 0.05 secs
 
--> 
Reading design: teclado.prj

TABLE OF CONTENTS
  1) Synthesis Options Summary
  2) HDL Compilation
  3) Design Hierarchy Analysis
  4) HDL Analysis
  5) HDL Synthesis
     5.1) HDL Synthesis Report
  6) Advanced HDL Synthesis
     6.1) Advanced HDL Synthesis Report
  7) Low Level Synthesis
  8) Partition Report
  9) Final Report
	9.1) Device utilization summary
	9.2) Partition Resource Summary
	9.3) TIMING REPORT


=========================================================================
*                      Synthesis Options Summary                        *
=========================================================================
---- Source Parameters
Input File Name                    : "teclado.prj"
Input Format                       : mixed
Ignore Synthesis Constraint File   : NO

---- Target Parameters
Output File Name                   : "teclado"
Output Format                      : NGC
Target Device                      : xc3s500e-5-pq208

---- Source Options
Top Module Name                    : teclado
Automatic FSM Extraction           : YES
FSM Encoding Algorithm             : Auto
Safe Implementation                : No
FSM Style                          : LUT
RAM Extraction                     : Yes
RAM Style                          : Auto
ROM Extraction                     : Yes
Mux Style                          : Auto
Decoder Extraction                 : YES
Priority Encoder Extraction        : Yes
Shift Register Extraction          : YES
Logical Shifter Extraction         : YES
XOR Collapsing                     : YES
ROM Style                          : Auto
Mux Extraction                     : Yes
Resource Sharing                   : YES
Asynchronous To Synchronous        : NO
Multiplier Style                   : Auto
Automatic Register Balancing       : No

---- Target Options
Add IO Buffers                     : YES
Global Maximum Fanout              : 100000
Add Generic Clock Buffer(BUFG)     : 24
Register Duplication               : YES
Slice Packing                      : YES
Optimize Instantiated Primitives   : NO
Use Clock Enable                   : Yes
Use Synchronous Set                : Yes
Use Synchronous Reset              : Yes
Pack IO Registers into IOBs        : Auto
Equivalent register Removal        : YES

---- General Options
Optimization Goal                  : Speed
Optimization Effort                : 1
Keep Hierarchy                     : No
Netlist Hierarchy                  : As_Optimized
RTL Output                         : Yes
Global Optimization                : AllClockNets
Read Cores                         : YES
Write Timing Constraints           : NO
Cross Clock Analysis               : NO
Hierarchy Separator                : /
Bus Delimiter                      : <>
Case Specifier                     : Maintain
Slice Utilization Ratio            : 100
BRAM Utilization Ratio             : 100
Verilog 2001                       : YES
Auto BRAM Packing                  : NO
Slice Utilization Ratio Delta      : 5

=========================================================================


=========================================================================
*                          HDL Compilation                              *
=========================================================================
Compiling verilog file "mx16a4.v" in library work
Compiling verilog file "dx.v" in library work
Module <mx16a4> compiled
Compiling verilog file "dec.v" in library work
Module <dx> compiled
Compiling verilog file "contsel.v" in library work
Module <dec> compiled
Compiling verilog file "topdinamic.v" in library work
Module <contsel> compiled
Compiling verilog file "registro.v" in library work
Module <topdinamic> compiled
Compiling verilog file "flancoP.v" in library work
Module <registro> compiled
Compiling verilog file "div.v" in library work
Module <flancoP> compiled
Compiling verilog file "decoX.v" in library work
Module <div> compiled
Compiling verilog file "decody.v" in library work
Module <decoX> compiled
Compiling verilog file "teclado.v" in library work
Module <decody> compiled
Module <teclado> compiled
No errors in compilation
Analysis of file <"teclado.prj"> succeeded.
 

=========================================================================
*                     Design Hierarchy Analysis                         *
=========================================================================
Analyzing hierarchy for module <teclado> in library <work>.

Analyzing hierarchy for module <div> in library <work>.

Analyzing hierarchy for module <decody> in library <work>.

Analyzing hierarchy for module <decoX> in library <work>.

Analyzing hierarchy for module <flancoP> in library <work>.

Analyzing hierarchy for module <registro> in library <work>.

Analyzing hierarchy for module <topdinamic> in library <work>.

Analyzing hierarchy for module <contsel> in library <work>.

Analyzing hierarchy for module <mx16a4> in library <work>.

Analyzing hierarchy for module <dx> in library <work>.

Analyzing hierarchy for module <dec> in library <work>.


=========================================================================
*                            HDL Analysis                               *
=========================================================================
Analyzing top module <teclado>.
Module <teclado> is correct for synthesis.
 
Analyzing module <div> in library <work>.
Module <div> is correct for synthesis.
 
Analyzing module <decody> in library <work>.
Module <decody> is correct for synthesis.
 
Analyzing module <decoX> in library <work>.
Module <decoX> is correct for synthesis.
 
Analyzing module <flancoP> in library <work>.
Module <flancoP> is correct for synthesis.
 
Analyzing module <registro> in library <work>.
Module <registro> is correct for synthesis.
 
Analyzing module <topdinamic> in library <work>.
Module <topdinamic> is correct for synthesis.
 
Analyzing module <contsel> in library <work>.
Module <contsel> is correct for synthesis.
 
Analyzing module <mx16a4> in library <work>.
Module <mx16a4> is correct for synthesis.
 
Analyzing module <dx> in library <work>.
Module <dx> is correct for synthesis.
 
Analyzing module <dec> in library <work>.
Module <dec> is correct for synthesis.
 

=========================================================================
*                           HDL Synthesis                               *
=========================================================================

Performing bidirectional port resolution...

Synthesizing Unit <div>.
    Related source file is "div.v".
    Found 1-bit register for signal <ck1>.
    Found 17-bit up counter for signal <cont>.
    Summary:
	inferred   1 Counter(s).
	inferred   1 D-type flip-flop(s).
Unit <div> synthesized.


Synthesizing Unit <decody>.
    Related source file is "decody.v".
    Found 4-bit adder for signal <d$addsub0000>.
    Found 2-bit up counter for signal <s>.
    Summary:
	inferred   1 Counter(s).
	inferred   1 Adder/Subtractor(s).
Unit <decody> synthesized.


Synthesizing Unit <decoX>.
    Related source file is "decoX.v".
    Found 16x4-bit ROM for signal <q>.
    Summary:
	inferred   1 ROM(s).
Unit <decoX> synthesized.


Synthesizing Unit <flancoP>.
    Related source file is "flancoP.v".
    Found 3-bit register for signal <r>.
    Summary:
	inferred   3 D-type flip-flop(s).
Unit <flancoP> synthesized.


Synthesizing Unit <registro>.
    Related source file is "registro.v".
    Found 4-bit register for signal <q>.
    Summary:
	inferred   4 D-type flip-flop(s).
Unit <registro> synthesized.


Synthesizing Unit <contsel>.
    Related source file is "contsel.v".
    Found 2-bit up counter for signal <s>.
    Summary:
	inferred   1 Counter(s).
Unit <contsel> synthesized.


Synthesizing Unit <mx16a4>.
    Related source file is "mx16a4.v".
    Found 4-bit 4-to-1 multiplexer for signal <y>.
    Summary:
	inferred   4 Multiplexer(s).
Unit <mx16a4> synthesized.


Synthesizing Unit <dx>.
    Related source file is "dx.v".
    Found 1-of-4 decoder for signal <y>.
    Summary:
	inferred   1 Decoder(s).
Unit <dx> synthesized.


Synthesizing Unit <dec>.
    Related source file is "dec.v".
    Found 16x7-bit ROM for signal <seg>.
    Summary:
	inferred   1 ROM(s).
Unit <dec> synthesized.


Synthesizing Unit <topdinamic>.
    Related source file is "topdinamic.v".
Unit <topdinamic> synthesized.


Synthesizing Unit <teclado>.
    Related source file is "teclado.v".
Unit <teclado> synthesized.

INFO:Xst:1767 - HDL ADVISOR - Resource sharing has identified that some arithmetic operations in this design can share the same physical resources for reduced device utilization. For improved clock frequency you may try to disable resource sharing.

=========================================================================
HDL Synthesis Report

Macro Statistics
# ROMs                                                 : 2
 16x4-bit ROM                                          : 1
 16x7-bit ROM                                          : 1
# Adders/Subtractors                                   : 1
 4-bit adder                                           : 1
# Counters                                             : 3
 17-bit up counter                                     : 1
 2-bit up counter                                      : 2
# Registers                                            : 8
 1-bit register                                        : 4
 4-bit register                                        : 4
# Multiplexers                                         : 1
 4-bit 4-to-1 multiplexer                              : 1
# Decoders                                             : 1
 1-of-4 decoder                                        : 1

=========================================================================

=========================================================================
*                       Advanced HDL Synthesis                          *
=========================================================================


=========================================================================
Advanced HDL Synthesis Report

Macro Statistics
# ROMs                                                 : 2
 16x4-bit ROM                                          : 1
 16x7-bit ROM                                          : 1
# Adders/Subtractors                                   : 1
 4-bit adder                                           : 1
# Counters                                             : 3
 17-bit up counter                                     : 1
 2-bit up counter                                      : 2
# Registers                                            : 20
 Flip-Flops                                            : 20
# Multiplexers                                         : 1
 4-bit 4-to-1 multiplexer                              : 1
# Decoders                                             : 1
 1-of-4 decoder                                        : 1

=========================================================================

=========================================================================
*                         Low Level Synthesis                           *
=========================================================================

Optimizing unit <teclado> ...

Optimizing unit <decody> ...

Mapping all equations...
Building and optimizing final netlist ...
Found area constraint ratio of 100 (+ 5) on block teclado, actual ratio is 0.

Final Macro Processing ...

=========================================================================
Final Register Report

Macro Statistics
# Registers                                            : 41
 Flip-Flops                                            : 41

=========================================================================

=========================================================================
*                           Partition Report                            *
=========================================================================

Partition Implementation Status
-------------------------------

  No Partitions were found in this design.

-------------------------------

=========================================================================
*                            Final Report                               *
=========================================================================
Final Results
RTL Top Level Output File Name     : teclado.ngr
Top Level Output File Name         : teclado
Output Format                      : NGC
Optimization Goal                  : Speed
Keep Hierarchy                     : No

Design Statistics
# IOs                              : 20

Cell Usage :
# BELS                             : 93
#      GND                         : 1
#      INV                         : 2
#      LUT1                        : 16
#      LUT2                        : 10
#      LUT2_D                      : 2
#      LUT3                        : 9
#      LUT4                        : 15
#      MUXCY                       : 16
#      MUXF5                       : 4
#      VCC                         : 1
#      XORCY                       : 17
# FlipFlops/Latches                : 41
#      FD                          : 21
#      FDE                         : 18
#      FDR                         : 2
# Clock Buffers                    : 2
#      BUFG                        : 1
#      BUFGP                       : 1
# IO Buffers                       : 19
#      IBUF                        : 4
#      OBUF                        : 15
=========================================================================

Device utilization summary:
---------------------------

Selected Device : 3s500epq208-5 

 Number of Slices:                       31  out of   4656     0%  
 Number of Slice Flip Flops:             41  out of   9312     0%  
 Number of 4 input LUTs:                 54  out of   9312     0%  
 Number of IOs:                          20
 Number of bonded IOBs:                  20  out of    158    12%  
 Number of GCLKs:                         2  out of     24     8%  

---------------------------
Partition Resource Summary:
---------------------------

  No Partitions were found in this design.

---------------------------


=========================================================================
TIMING REPORT

NOTE: THESE TIMING NUMBERS ARE ONLY A SYNTHESIS ESTIMATE.
      FOR ACCURATE TIMING INFORMATION PLEASE REFER TO THE TRACE REPORT
      GENERATED AFTER PLACE-and-ROUTE.

Clock Information:
------------------
-----------------------------------+------------------------+-------+
Clock Signal                       | Clock buffer(FF name)  | Load  |
-----------------------------------+------------------------+-------+
CkA1Hz/cont_16                     | NONE(CkA1Hz/ck1)       | 1     |
CkA1Hz/ck11                        | BUFG                   | 23    |
clk                                | BUFGP                  | 17    |
-----------------------------------+------------------------+-------+
INFO:Xst:2169 - HDL ADVISOR - Some clock signals were not automatically buffered by XST with BUFG/BUFR resources. Please use the buffer_type constraint in order to insert these buffers to the clock signals to help prevent skew problems.

Asynchronous Control Signals Information:
----------------------------------------
No asynchronous control signals found in this design

Timing Summary:
---------------
Speed Grade: -5

   Minimum period: 3.727ns (Maximum Frequency: 268.312MHz)
   Minimum input arrival time before clock: 4.946ns
   Maximum output required time after clock: 7.298ns
   Maximum combinational path delay: No path found

Timing Detail:
--------------
All values displayed in nanoseconds (ns)

=========================================================================
Timing constraint: Default period analysis for Clock 'CkA1Hz/cont_16'
  Clock period: 1.689ns (frequency: 592.084MHz)
  Total number of paths / destination ports: 1 / 1
-------------------------------------------------------------------------
Delay:               1.689ns (Levels of Logic = 0)
  Source:            CkA1Hz/ck1 (FF)
  Destination:       CkA1Hz/ck1 (FF)
  Source Clock:      CkA1Hz/cont_16 rising
  Destination Clock: CkA1Hz/cont_16 rising

  Data Path: CkA1Hz/ck1 to CkA1Hz/ck1
                                Gate     Net
    Cell:in->out      fanout   Delay   Delay  Logical Name (Net Name)
    ----------------------------------------  ------------
     FDR:C->Q              2   0.514   0.380  CkA1Hz/ck1 (CkA1Hz/ck11)
     FDR:R                     0.795          CkA1Hz/ck1
    ----------------------------------------
    Total                      1.689ns (1.309ns logic, 0.380ns route)
                                       (77.5% logic, 22.5% route)

=========================================================================
Timing constraint: Default period analysis for Clock 'CkA1Hz/ck11'
  Clock period: 3.131ns (frequency: 319.371MHz)
  Total number of paths / destination ports: 76 / 38
-------------------------------------------------------------------------
Delay:               3.131ns (Levels of Logic = 2)
  Source:            decoT/s_0 (FF)
  Destination:       registro0/q_2 (FF)
  Source Clock:      CkA1Hz/ck11 rising
  Destination Clock: CkA1Hz/ck11 rising

  Data Path: decoT/s_0 to registro0/q_2
                                Gate     Net
    Cell:in->out      fanout   Delay   Delay  Logical Name (Net Name)
    ----------------------------------------  ------------
     FDE:C->Q              7   0.514   0.671  decoT/s_0 (decoT/s_0)
     LUT2_D:I1->O          3   0.612   0.454  decoT/d<2>1 (d<2>)
     LUT4:I3->O            1   0.612   0.000  dx/Mrom_q111 (dx/Mrom_q1)
     FDE:D                     0.268          registro0/q_1
    ----------------------------------------
    Total                      3.131ns (2.006ns logic, 1.125ns route)
                                       (64.1% logic, 35.9% route)

=========================================================================
Timing constraint: Default period analysis for Clock 'clk'
  Clock period: 3.727ns (frequency: 268.312MHz)
  Total number of paths / destination ports: 153 / 17
-------------------------------------------------------------------------
Delay:               3.727ns (Levels of Logic = 17)
  Source:            CkA1Hz/cont_1 (FF)
  Destination:       CkA1Hz/cont_16 (FF)
  Source Clock:      clk rising
  Destination Clock: clk rising

  Data Path: CkA1Hz/cont_1 to CkA1Hz/cont_16
                                Gate     Net
    Cell:in->out      fanout   Delay   Delay  Logical Name (Net Name)
    ----------------------------------------  ------------
     FD:C->Q               1   0.514   0.509  CkA1Hz/cont_1 (CkA1Hz/cont_1)
     LUT1:I0->O            1   0.612   0.000  CkA1Hz/Mcount_cont_cy<1>_rt (CkA1Hz/Mcount_cont_cy<1>_rt)
     MUXCY:S->O            1   0.404   0.000  CkA1Hz/Mcount_cont_cy<1> (CkA1Hz/Mcount_cont_cy<1>)
     MUXCY:CI->O           1   0.051   0.000  CkA1Hz/Mcount_cont_cy<2> (CkA1Hz/Mcount_cont_cy<2>)
     MUXCY:CI->O           1   0.051   0.000  CkA1Hz/Mcount_cont_cy<3> (CkA1Hz/Mcount_cont_cy<3>)
     MUXCY:CI->O           1   0.051   0.000  CkA1Hz/Mcount_cont_cy<4> (CkA1Hz/Mcount_cont_cy<4>)
     MUXCY:CI->O           1   0.051   0.000  CkA1Hz/Mcount_cont_cy<5> (CkA1Hz/Mcount_cont_cy<5>)
     MUXCY:CI->O           1   0.051   0.000  CkA1Hz/Mcount_cont_cy<6> (CkA1Hz/Mcount_cont_cy<6>)
     MUXCY:CI->O           1   0.051   0.000  CkA1Hz/Mcount_cont_cy<7> (CkA1Hz/Mcount_cont_cy<7>)
     MUXCY:CI->O           1   0.051   0.000  CkA1Hz/Mcount_cont_cy<8> (CkA1Hz/Mcount_cont_cy<8>)
     MUXCY:CI->O           1   0.051   0.000  CkA1Hz/Mcount_cont_cy<9> (CkA1Hz/Mcount_cont_cy<9>)
     MUXCY:CI->O           1   0.051   0.000  CkA1Hz/Mcount_cont_cy<10> (CkA1Hz/Mcount_cont_cy<10>)
     MUXCY:CI->O           1   0.051   0.000  CkA1Hz/Mcount_cont_cy<11> (CkA1Hz/Mcount_cont_cy<11>)
     MUXCY:CI->O           1   0.051   0.000  CkA1Hz/Mcount_cont_cy<12> (CkA1Hz/Mcount_cont_cy<12>)
     MUXCY:CI->O           1   0.051   0.000  CkA1Hz/Mcount_cont_cy<13> (CkA1Hz/Mcount_cont_cy<13>)
     MUXCY:CI->O           1   0.051   0.000  CkA1Hz/Mcount_cont_cy<14> (CkA1Hz/Mcount_cont_cy<14>)
     MUXCY:CI->O           0   0.051   0.000  CkA1Hz/Mcount_cont_cy<15> (CkA1Hz/Mcount_cont_cy<15>)
     XORCY:CI->O           1   0.699   0.000  CkA1Hz/Mcount_cont_xor<16> (Result<16>)
     FD:D                      0.268          CkA1Hz/cont_16
    ----------------------------------------
    Total                      3.727ns (3.218ns logic, 0.509ns route)
                                       (86.3% logic, 13.7% route)

=========================================================================
Timing constraint: Default OFFSET IN BEFORE for Clock 'CkA1Hz/ck11'
  Total number of paths / destination ports: 76 / 7
-------------------------------------------------------------------------
Offset:              4.946ns (Levels of Logic = 4)
  Source:            y<2> (PAD)
  Destination:       registro0/q_3 (FF)
  Destination Clock: CkA1Hz/ck11 rising

  Data Path: y<2> to registro0/q_3
                                Gate     Net
    Cell:in->out      fanout   Delay   Delay  Logical Name (Net Name)
    ----------------------------------------  ------------
     IBUF:I->O             4   1.106   0.651  y_2_IBUF (y_2_IBUF)
     LUT4:I0->O            3   0.612   0.603  decoT/da_or00001 (da)
     LUT2_D:I0->O          3   0.612   0.481  decoT/d<3>1 (d<3>)
     LUT4:I2->O            1   0.612   0.000  dx/Mrom_q11 (dx/Mrom_q)
     FDE:D                     0.268          registro0/q_0
    ----------------------------------------
    Total                      4.946ns (3.210ns logic, 1.736ns route)
                                       (64.9% logic, 35.1% route)

=========================================================================
Timing constraint: Default OFFSET OUT AFTER for Clock 'CkA1Hz/ck11'
  Total number of paths / destination ports: 212 / 15
-------------------------------------------------------------------------
Offset:              7.298ns (Levels of Logic = 4)
  Source:            Visualizador/selector/s_0 (FF)
  Destination:       a_to_g<6> (PAD)
  Source Clock:      CkA1Hz/ck11 rising

  Data Path: Visualizador/selector/s_0 to a_to_g<6>
                                Gate     Net
    Cell:in->out      fanout   Delay   Delay  Logical Name (Net Name)
    ----------------------------------------  ------------
     FDR:C->Q             14   0.514   1.002  Visualizador/selector/s_0 (Visualizador/selector/s_0)
     LUT3:I0->O            1   0.612   0.000  Visualizador/mx/Mmux_y_3 (Visualizador/mx/Mmux_y_3)
     MUXF5:I1->O           7   0.278   0.754  Visualizador/mx/Mmux_y_2_f5 (Visualizador/d<0>)
     LUT4:I0->O            1   0.612   0.357  Visualizador/decodif/Mrom_seg31 (a_to_g_3_OBUF)
     OBUF:I->O                 3.169          a_to_g_3_OBUF (a_to_g<3>)
    ----------------------------------------
    Total                      7.298ns (5.185ns logic, 2.113ns route)
                                       (71.0% logic, 29.0% route)

=========================================================================


Total REAL time to Xst completion: 4.00 secs
Total CPU time to Xst completion: 4.06 secs
 
--> 


Total memory usage is 518756 kilobytes

Number of errors   :    0 (   0 filtered)
Number of warnings :    0 (   0 filtered)
Number of infos    :    2 (   0 filtered)

