--------------------------------------------------------------------------------
Release 14.7 Trace  (lin64)
Copyright (c) 1995-2013 Xilinx, Inc.  All rights reserved.

/opt/Xilinx/14.7/ISE_DS/ISE/bin/lin64/unwrapped/trce -intstyle ise -v 3 -s 5 -n
3 -fastpaths -xml top.twx top.ncd -o top.twr top.pcf -ucf 3S500E.ucf

Design file:              top.ncd
Physical constraint file: top.pcf
Device,package,speed:     xc3s500e,pq208,-5 (PRODUCTION 1.27 2013-10-13)
Report level:             verbose report

Environment Variable      Effect 
--------------------      ------ 
NONE                      No environment variables were set
--------------------------------------------------------------------------------

INFO:Timing:2698 - No timing constraints found, doing default enumeration.
INFO:Timing:3412 - To improve timing, see the Timing Closure User Guide (UG612).
INFO:Timing:2752 - To get complete path coverage, use the unconstrained paths 
   option. All paths that are not constrained will be reported in the 
   unconstrained paths section(s) of the report.
INFO:Timing:3339 - The clock-to-out numbers in this timing report are based on 
   a 50 Ohm transmission line loading model.  For the details of this model, 
   and for more information on accounting for different loading conditions, 
   please see the device datasheet.
INFO:Timing:3390 - This architecture does not support a default System Jitter 
   value, please add SYSTEM_JITTER constraint to the UCF to modify the Clock 
   Uncertainty calculation.
INFO:Timing:3389 - This architecture does not support 'Discrete Jitter' and 
   'Phase Error' calculations, these terms will be zero in the Clock 
   Uncertainty calculation.  Please make appropriate modification to 
   SYSTEM_JITTER to account for the unsupported Discrete Jitter and Phase 
   Error.



Data Sheet report:
-----------------
All values displayed in nanoseconds (ns)

Setup/Hold to clock clk_in
------------+------------+------------+------------------+--------+
            |Max Setup to|Max Hold to |                  | Clock  |
Source      | clk (edge) | clk (edge) |Internal Clock(s) | Phase  |
------------+------------+------------+------------------+--------+
row<0>      |    5.277(R)|   -1.748(R)|clk_in_BUFGP      |   0.000|
row<1>      |    5.079(R)|   -1.590(R)|clk_in_BUFGP      |   0.000|
row<2>      |    5.701(R)|   -2.088(R)|clk_in_BUFGP      |   0.000|
row<3>      |    5.438(R)|   -1.877(R)|clk_in_BUFGP      |   0.000|
------------+------------+------------+------------------+--------+

Clock clk_in to Pad
------------+------------+------------------+--------+
            | clk (edge) |                  | Clock  |
Destination |   to PAD   |Internal Clock(s) | Phase  |
------------+------------+------------------+--------+
sevenSeg<0> |   11.223(R)|clk_in_BUFGP      |   0.000|
sevenSeg<1> |   10.803(R)|clk_in_BUFGP      |   0.000|
sevenSeg<2> |   10.669(R)|clk_in_BUFGP      |   0.000|
sevenSeg<3> |   10.898(R)|clk_in_BUFGP      |   0.000|
sevenSeg<4> |   11.112(R)|clk_in_BUFGP      |   0.000|
sevenSeg<5> |   11.300(R)|clk_in_BUFGP      |   0.000|
sevenSeg<6> |   11.056(R)|clk_in_BUFGP      |   0.000|
------------+------------+------------------+--------+

Clock to Setup on destination clock clk_in
---------------+---------+---------+---------+---------+
               | Src:Rise| Src:Fall| Src:Rise| Src:Fall|
Source Clock   |Dest:Rise|Dest:Rise|Dest:Fall|Dest:Fall|
---------------+---------+---------+---------+---------+
clk_in         |    5.095|         |         |         |
---------------+---------+---------+---------+---------+


Analysis completed Mon Jun 17 14:41:56 2019 
--------------------------------------------------------------------------------

Trace Settings:
-------------------------
Trace Settings 

Peak Memory Usage: 353 MB



