Release 14.7 - xst P.20131013 (lin64)
Copyright (c) 1995-2013 Xilinx, Inc.  All rights reserved.
--> 
Parameter TMPDIR set to xst/projnav.tmp


Total REAL time to Xst completion: 0.00 secs
Total CPU time to Xst completion: 0.05 secs
 
--> 
Parameter xsthdpdir set to xst


Total REAL time to Xst completion: 0.00 secs
Total CPU time to Xst completion: 0.05 secs
 
--> 
Reading design: topmodule.prj

TABLE OF CONTENTS
  1) Synthesis Options Summary
  2) HDL Compilation
  3) Design Hierarchy Analysis
  4) HDL Analysis
  5) HDL Synthesis
     5.1) HDL Synthesis Report
  6) Advanced HDL Synthesis
     6.1) Advanced HDL Synthesis Report
  7) Low Level Synthesis
  8) Partition Report
  9) Final Report
	9.1) Device utilization summary
	9.2) Partition Resource Summary
	9.3) TIMING REPORT


=========================================================================
*                      Synthesis Options Summary                        *
=========================================================================
---- Source Parameters
Input File Name                    : "topmodule.prj"
Input Format                       : mixed
Ignore Synthesis Constraint File   : NO

---- Target Parameters
Output File Name                   : "topmodule"
Output Format                      : NGC
Target Device                      : xc3s500e-5-pq208

---- Source Options
Top Module Name                    : topmodule
Automatic FSM Extraction           : YES
FSM Encoding Algorithm             : Auto
Safe Implementation                : No
FSM Style                          : LUT
RAM Extraction                     : Yes
RAM Style                          : Auto
ROM Extraction                     : Yes
Mux Style                          : Auto
Decoder Extraction                 : YES
Priority Encoder Extraction        : Yes
Shift Register Extraction          : YES
Logical Shifter Extraction         : YES
XOR Collapsing                     : YES
ROM Style                          : Auto
Mux Extraction                     : Yes
Resource Sharing                   : YES
Asynchronous To Synchronous        : NO
Multiplier Style                   : Auto
Automatic Register Balancing       : No

---- Target Options
Add IO Buffers                     : YES
Global Maximum Fanout              : 100000
Add Generic Clock Buffer(BUFG)     : 24
Register Duplication               : YES
Slice Packing                      : YES
Optimize Instantiated Primitives   : NO
Use Clock Enable                   : Yes
Use Synchronous Set                : Yes
Use Synchronous Reset              : Yes
Pack IO Registers into IOBs        : Auto
Equivalent register Removal        : YES

---- General Options
Optimization Goal                  : Speed
Optimization Effort                : 1
Keep Hierarchy                     : No
Netlist Hierarchy                  : As_Optimized
RTL Output                         : Yes
Global Optimization                : AllClockNets
Read Cores                         : YES
Write Timing Constraints           : NO
Cross Clock Analysis               : NO
Hierarchy Separator                : /
Bus Delimiter                      : <>
Case Specifier                     : Maintain
Slice Utilization Ratio            : 100
BRAM Utilization Ratio             : 100
Verilog 2001                       : YES
Auto BRAM Packing                  : NO
Slice Utilization Ratio Delta      : 5

=========================================================================


=========================================================================
*                          HDL Compilation                              *
=========================================================================
Compiling vhdl file "/home/erid/Documents/Xilinx Final Projects/PruebaContador2/counter74190.vhd" in Library work.
Architecture behavioral of Entity counter74190 is up to date.
Compiling vhdl file "/home/erid/Documents/Xilinx Final Projects/PruebaContador2/clkDivider.vhd" in Library work.
Architecture behavioral of Entity clkdivider is up to date.
Compiling vhdl file "/home/erid/Documents/Xilinx Final Projects/PruebaContador2/sevenSegDisp.vhd" in Library work.
Architecture behavioral of Entity sevensegdisp is up to date.
Compiling vhdl file "/home/erid/Documents/Xilinx Final Projects/PruebaContador2/MuxConContSel_16a4.vhd" in Library work.
Architecture behavioral of Entity muxconcontsel_16a4 is up to date.
Compiling vhdl file "/home/erid/Documents/Xilinx Final Projects/PruebaContador2/ClockCounter.vhd" in Library work.
Architecture behavioral of Entity clockcounter is up to date.
Compiling vhdl file "/home/erid/Documents/Xilinx Final Projects/PruebaContador2/ClockCounterReset.vhd" in Library work.
WARNING:HDLParsers:1406 - "/home/erid/Documents/Xilinx Final Projects/PruebaContador2/ClockCounterReset.vhd" Line 44. No sensitivity list and no wait in the process
Architecture behavioral of Entity clockcounterreset is up to date.
Compiling vhdl file "/home/erid/Documents/Xilinx Final Projects/PruebaContador2/clk1hz.vhd" in Library work.
Architecture behavioral of Entity clk1hz is up to date.
Compiling vhdl file "/home/erid/Documents/Xilinx Final Projects/PruebaContador2/topmodule.vhf" in Library work.
Entity <visdyn_muser_topmodule> compiled.
Entity <visdyn_muser_topmodule> (Architecture <behavioral>) compiled.
Entity <topmodule> compiled.
Entity <topmodule> (Architecture <behavioral>) compiled.
Compiling vhdl file "/home/erid/Documents/Xilinx Final Projects/PruebaContador2/VisDyn.vhf" in Library work.
Architecture behavioral of Entity visdyn is up to date.

=========================================================================
*                     Design Hierarchy Analysis                         *
=========================================================================
Analyzing hierarchy for entity <topmodule> in library <work> (architecture <behavioral>).

Analyzing hierarchy for entity <VisDyn_MUSER_topmodule> in library <work> (architecture <behavioral>).

Analyzing hierarchy for entity <ClockCounter> in library <work> (architecture <behavioral>).

Analyzing hierarchy for entity <ClockCounterReset> in library <work> (architecture <behavioral>).

Analyzing hierarchy for entity <clk1hz> in library <work> (architecture <behavioral>).

Analyzing hierarchy for entity <clkDivider> in library <work> (architecture <behavioral>).

Analyzing hierarchy for entity <sevenSegDisp> in library <work> (architecture <behavioral>).

Analyzing hierarchy for entity <MuxConContSel_16a4> in library <work> (architecture <behavioral>).

Analyzing hierarchy for entity <counter74190> in library <work> (architecture <behavioral>) with generics.
	maxcount = 9
	maxcount_inv = 0

Analyzing hierarchy for entity <counter74190> in library <work> (architecture <behavioral>) with generics.
	maxcount = 5
	maxcount_inv = 0

Analyzing hierarchy for entity <counter74190> in library <work> (architecture <behavioral>) with generics.
	maxcount = 2
	maxcount_inv = 0


=========================================================================
*                            HDL Analysis                               *
=========================================================================
Analyzing Entity <topmodule> in library <work> (Architecture <behavioral>).
Entity <topmodule> analyzed. Unit <topmodule> generated.

Analyzing Entity <VisDyn_MUSER_topmodule> in library <work> (Architecture <behavioral>).
Entity <VisDyn_MUSER_topmodule> analyzed. Unit <VisDyn_MUSER_topmodule> generated.

Analyzing Entity <clkDivider> in library <work> (Architecture <behavioral>).
Entity <clkDivider> analyzed. Unit <clkDivider> generated.

Analyzing Entity <sevenSegDisp> in library <work> (Architecture <behavioral>).
INFO:Xst:1561 - "/home/erid/Documents/Xilinx Final Projects/PruebaContador2/sevenSegDisp.vhd" line 63: Mux is complete : default of case is discarded
INFO:Xst:1561 - "/home/erid/Documents/Xilinx Final Projects/PruebaContador2/sevenSegDisp.vhd" line 77: Mux is complete : default of case is discarded
Entity <sevenSegDisp> analyzed. Unit <sevenSegDisp> generated.

Analyzing Entity <MuxConContSel_16a4> in library <work> (Architecture <behavioral>).
INFO:Xst:1561 - "/home/erid/Documents/Xilinx Final Projects/PruebaContador2/MuxConContSel_16a4.vhd" line 53: Mux is complete : default of case is discarded
Entity <MuxConContSel_16a4> analyzed. Unit <MuxConContSel_16a4> generated.

Analyzing Entity <ClockCounter> in library <work> (Architecture <behavioral>).
WARNING:Xst:753 - "/home/erid/Documents/Xilinx Final Projects/PruebaContador2/ClockCounter.vhd" line 115: Unconnected output port 'carry_out' of component 'counter74190'.
Entity <ClockCounter> analyzed. Unit <ClockCounter> generated.

Analyzing generic Entity <counter74190.1> in library <work> (Architecture <behavioral>).
	maxcount = 9
	maxcount_inv = 0
Entity <counter74190.1> analyzed. Unit <counter74190.1> generated.

Analyzing generic Entity <counter74190.2> in library <work> (Architecture <behavioral>).
	maxcount = 5
	maxcount_inv = 0
Entity <counter74190.2> analyzed. Unit <counter74190.2> generated.

Analyzing generic Entity <counter74190.3> in library <work> (Architecture <behavioral>).
	maxcount = 2
	maxcount_inv = 0
Entity <counter74190.3> analyzed. Unit <counter74190.3> generated.

Analyzing Entity <ClockCounterReset> in library <work> (Architecture <behavioral>).
WARNING:Xst:819 - "/home/erid/Documents/Xilinx Final Projects/PruebaContador2/ClockCounterReset.vhd" line 44: One or more signals are missing in the process sensitivity list. To enable synthesis of FPGA/CPLD hardware, XST will assume that all necessary signals are present in the sensitivity list. Please note that the result of the synthesis may differ from the initial design specification. The missing signals are:
   <in1>, <in2>
Entity <ClockCounterReset> analyzed. Unit <ClockCounterReset> generated.

Analyzing Entity <clk1hz> in library <work> (Architecture <behavioral>).
Entity <clk1hz> analyzed. Unit <clk1hz> generated.


=========================================================================
*                           HDL Synthesis                               *
=========================================================================

Performing bidirectional port resolution...

Synthesizing Unit <ClockCounterReset>.
    Related source file is "/home/erid/Documents/Xilinx Final Projects/PruebaContador2/ClockCounterReset.vhd".
Unit <ClockCounterReset> synthesized.


Synthesizing Unit <clk1hz>.
    Related source file is "/home/erid/Documents/Xilinx Final Projects/PruebaContador2/clk1hz.vhd".
    Found 32-bit up counter for signal <count>.
    Found 1-bit register for signal <tmp>.
    Summary:
	inferred   1 Counter(s).
	inferred   1 D-type flip-flop(s).
Unit <clk1hz> synthesized.


Synthesizing Unit <clkDivider>.
    Related source file is "/home/erid/Documents/Xilinx Final Projects/PruebaContador2/clkDivider.vhd".
    Found 32-bit up counter for signal <count>.
    Found 1-bit register for signal <tmp>.
    Summary:
	inferred   1 Counter(s).
	inferred   1 D-type flip-flop(s).
Unit <clkDivider> synthesized.


Synthesizing Unit <sevenSegDisp>.
    Related source file is "/home/erid/Documents/Xilinx Final Projects/PruebaContador2/sevenSegDisp.vhd".
    Found 16x8-bit ROM for signal <led>.
    Found 1-of-4 decoder for signal <digitSelect>.
    Found 2-bit up counter for signal <tmp>.
    Summary:
	inferred   1 ROM(s).
	inferred   1 Counter(s).
	inferred   1 Decoder(s).
Unit <sevenSegDisp> synthesized.


Synthesizing Unit <MuxConContSel_16a4>.
    Related source file is "/home/erid/Documents/Xilinx Final Projects/PruebaContador2/MuxConContSel_16a4.vhd".
    Found 4-bit 4-to-1 multiplexer for signal <q>.
    Found 2-bit up counter for signal <tmp>.
    Summary:
	inferred   1 Counter(s).
	inferred   4 Multiplexer(s).
Unit <MuxConContSel_16a4> synthesized.


Synthesizing Unit <counter74190_1>.
    Related source file is "/home/erid/Documents/Xilinx Final Projects/PruebaContador2/counter74190.vhd".
    Found 1-bit register for signal <carry_tmp>.
    Found 4-bit register for signal <tmp>.
    Found 4-bit addsub for signal <tmp$addsub0000>.
    Summary:
	inferred   5 D-type flip-flop(s).
	inferred   1 Adder/Subtractor(s).
Unit <counter74190_1> synthesized.


Synthesizing Unit <counter74190_2>.
    Related source file is "/home/erid/Documents/Xilinx Final Projects/PruebaContador2/counter74190.vhd".
    Found 1-bit register for signal <carry_tmp>.
    Found 4-bit register for signal <tmp>.
    Found 4-bit addsub for signal <tmp$addsub0000>.
    Summary:
	inferred   5 D-type flip-flop(s).
	inferred   1 Adder/Subtractor(s).
Unit <counter74190_2> synthesized.


Synthesizing Unit <counter74190_3>.
    Related source file is "/home/erid/Documents/Xilinx Final Projects/PruebaContador2/counter74190.vhd".
    Found 1-bit register for signal <carry_tmp>.
    Found 4-bit register for signal <tmp>.
    Found 4-bit addsub for signal <tmp$addsub0000>.
    Summary:
	inferred   5 D-type flip-flop(s).
	inferred   1 Adder/Subtractor(s).
Unit <counter74190_3> synthesized.


Synthesizing Unit <VisDyn_MUSER_topmodule>.
    Related source file is "/home/erid/Documents/Xilinx Final Projects/PruebaContador2/topmodule.vhf".
Unit <VisDyn_MUSER_topmodule> synthesized.


Synthesizing Unit <ClockCounter>.
    Related source file is "/home/erid/Documents/Xilinx Final Projects/PruebaContador2/ClockCounter.vhd".
Unit <ClockCounter> synthesized.


Synthesizing Unit <topmodule>.
    Related source file is "/home/erid/Documents/Xilinx Final Projects/PruebaContador2/topmodule.vhf".
WARNING:Xst:653 - Signal <XLXI_5_reset_openSignal> is used but never assigned. This sourceless signal will be automatically connected to value 0.
WARNING:Xst:653 - Signal <XLXI_3_load3_openSignal> is used but never assigned. This sourceless signal will be automatically connected to value 0000.
WARNING:Xst:653 - Signal <XLXI_3_load2_openSignal> is used but never assigned. This sourceless signal will be automatically connected to value 0000.
WARNING:Xst:653 - Signal <XLXI_3_load1_openSignal> is used but never assigned. This sourceless signal will be automatically connected to value 0000.
WARNING:Xst:653 - Signal <XLXI_3_load0_openSignal> is used but never assigned. This sourceless signal will be automatically connected to value 0000.
Unit <topmodule> synthesized.

INFO:Xst:1767 - HDL ADVISOR - Resource sharing has identified that some arithmetic operations in this design can share the same physical resources for reduced device utilization. For improved clock frequency you may try to disable resource sharing.

=========================================================================
HDL Synthesis Report

Macro Statistics
# ROMs                                                 : 1
 16x8-bit ROM                                          : 1
# Adders/Subtractors                                   : 4
 4-bit addsub                                          : 4
# Counters                                             : 4
 2-bit up counter                                      : 2
 32-bit up counter                                     : 2
# Registers                                            : 10
 1-bit register                                        : 6
 4-bit register                                        : 4
# Multiplexers                                         : 1
 4-bit 4-to-1 multiplexer                              : 1
# Decoders                                             : 1
 1-of-4 decoder                                        : 1

=========================================================================

=========================================================================
*                       Advanced HDL Synthesis                          *
=========================================================================


=========================================================================
Advanced HDL Synthesis Report

Macro Statistics
# ROMs                                                 : 1
 16x8-bit ROM                                          : 1
# Adders/Subtractors                                   : 4
 4-bit addsub                                          : 4
# Counters                                             : 4
 2-bit up counter                                      : 2
 32-bit up counter                                     : 2
# Registers                                            : 22
 Flip-Flops                                            : 22
# Multiplexers                                         : 1
 4-bit 4-to-1 multiplexer                              : 1
# Decoders                                             : 1
 1-of-4 decoder                                        : 1

=========================================================================

=========================================================================
*                         Low Level Synthesis                           *
=========================================================================
INFO:Xst:2146 - In block <topmodule>, Counter <XLXI_1/XLXI_3/tmp> <XLXI_1/XLXI_2/tmp> are equivalent, XST will keep only <XLXI_1/XLXI_3/tmp>.
WARNING:Xst:2170 - Unit topmodule : the following signal(s) form a combinatorial loop: XLXN_6.

Optimizing unit <topmodule> ...

Optimizing unit <counter74190_1> ...

Optimizing unit <counter74190_2> ...

Optimizing unit <counter74190_3> ...
WARNING:Xst:2677 - Node <XLXI_3/hourd_counter74190/carry_tmp> of sequential type is unconnected in block <topmodule>.

Mapping all equations...
Building and optimizing final netlist ...
Found area constraint ratio of 100 (+ 5) on block topmodule, actual ratio is 2.

Final Macro Processing ...

=========================================================================
Final Register Report

Macro Statistics
# Registers                                            : 87
 Flip-Flops                                            : 87

=========================================================================

=========================================================================
*                           Partition Report                            *
=========================================================================

Partition Implementation Status
-------------------------------

  No Partitions were found in this design.

-------------------------------

=========================================================================
*                            Final Report                               *
=========================================================================
Final Results
RTL Top Level Output File Name     : topmodule.ngr
Top Level Output File Name         : topmodule
Output Format                      : NGC
Optimization Goal                  : Speed
Keep Hierarchy                     : No

Design Statistics
# IOs                              : 14

Cell Usage :
# BELS                             : 358
#      GND                         : 1
#      INV                         : 5
#      LUT1                        : 62
#      LUT2                        : 77
#      LUT3                        : 15
#      LUT3_D                      : 1
#      LUT4                        : 42
#      LUT4_L                      : 1
#      MUXCY                       : 78
#      MUXF5                       : 11
#      VCC                         : 1
#      XORCY                       : 64
# FlipFlops/Latches                : 87
#      FD                          : 1
#      FDC                         : 62
#      FDCE                        : 2
#      FDE                         : 3
#      FDP                         : 2
#      FDR                         : 1
#      FDRE                        : 16
# Clock Buffers                    : 1
#      BUFGP                       : 1
# IO Buffers                       : 13
#      IBUF                        : 1
#      OBUF                        : 12
=========================================================================

Device utilization summary:
---------------------------

Selected Device : 3s500epq208-5 

 Number of Slices:                      111  out of   4656     2%  
 Number of Slice Flip Flops:             87  out of   9312     0%  
 Number of 4 input LUTs:                203  out of   9312     2%  
 Number of IOs:                          14
 Number of bonded IOBs:                  14  out of    158     8%  
 Number of GCLKs:                         1  out of     24     4%  

---------------------------
Partition Resource Summary:
---------------------------

  No Partitions were found in this design.

---------------------------


=========================================================================
TIMING REPORT

NOTE: THESE TIMING NUMBERS ARE ONLY A SYNTHESIS ESTIMATE.
      FOR ACCURATE TIMING INFORMATION PLEASE REFER TO THE TRACE REPORT
      GENERATED AFTER PLACE-and-ROUTE.

Clock Information:
------------------
-----------------------------------+-------------------------------------+-------+
Clock Signal                       | Clock buffer(FF name)               | Load  |
-----------------------------------+-------------------------------------+-------+
clk                                | BUFGP                               | 66    |
XLXI_1/XLXI_1/tmp                  | NONE(XLXI_1/XLXI_3/tmp_1)           | 2     |
XLXI_5/tmp                         | NONE(XLXI_3/minu_counter74190/tmp_3)| 19    |
-----------------------------------+-------------------------------------+-------+
INFO:Xst:2169 - HDL ADVISOR - Some clock signals were not automatically buffered by XST with BUFG/BUFR resources. Please use the buffer_type constraint in order to insert these buffers to the clock signals to help prevent skew problems.

Asynchronous Control Signals Information:
----------------------------------------
-----------------------------------+----------------------------+-------+
Control Signal                     | Buffer(FF name)            | Load  |
-----------------------------------+----------------------------+-------+
XLXI_1/XLXN_16(XLXI_1/XLXI_7:G)    | NONE(XLXI_1/XLXI_1/count_0)| 66    |
-----------------------------------+----------------------------+-------+

Timing Summary:
---------------
Speed Grade: -5

   Minimum period: 5.560ns (Maximum Frequency: 179.841MHz)
   Minimum input arrival time before clock: 5.155ns
   Maximum output required time after clock: 7.298ns
   Maximum combinational path delay: No path found

Timing Detail:
--------------
All values displayed in nanoseconds (ns)

=========================================================================
Timing constraint: Default period analysis for Clock 'clk'
  Clock period: 5.560ns (frequency: 179.841MHz)
  Total number of paths / destination ports: 3170 / 68
-------------------------------------------------------------------------
Delay:               5.560ns (Levels of Logic = 33)
  Source:            XLXI_5/count_1 (FF)
  Destination:       XLXI_5/count_31 (FF)
  Source Clock:      clk rising
  Destination Clock: clk rising

  Data Path: XLXI_5/count_1 to XLXI_5/count_31
                                Gate     Net
    Cell:in->out      fanout   Delay   Delay  Logical Name (Net Name)
    ----------------------------------------  ------------
     FDC:C->Q              2   0.514   0.532  XLXI_5/count_1 (XLXI_5/count_1)
     LUT1:I0->O            1   0.612   0.000  XLXI_5/Mcount_count_cy<1>_rt (XLXI_5/Mcount_count_cy<1>_rt)
     MUXCY:S->O            1   0.404   0.000  XLXI_5/Mcount_count_cy<1> (XLXI_5/Mcount_count_cy<1>)
     MUXCY:CI->O           1   0.052   0.000  XLXI_5/Mcount_count_cy<2> (XLXI_5/Mcount_count_cy<2>)
     MUXCY:CI->O           1   0.052   0.000  XLXI_5/Mcount_count_cy<3> (XLXI_5/Mcount_count_cy<3>)
     MUXCY:CI->O           1   0.052   0.000  XLXI_5/Mcount_count_cy<4> (XLXI_5/Mcount_count_cy<4>)
     MUXCY:CI->O           1   0.052   0.000  XLXI_5/Mcount_count_cy<5> (XLXI_5/Mcount_count_cy<5>)
     MUXCY:CI->O           1   0.052   0.000  XLXI_5/Mcount_count_cy<6> (XLXI_5/Mcount_count_cy<6>)
     MUXCY:CI->O           1   0.052   0.000  XLXI_5/Mcount_count_cy<7> (XLXI_5/Mcount_count_cy<7>)
     MUXCY:CI->O           1   0.052   0.000  XLXI_5/Mcount_count_cy<8> (XLXI_5/Mcount_count_cy<8>)
     MUXCY:CI->O           1   0.052   0.000  XLXI_5/Mcount_count_cy<9> (XLXI_5/Mcount_count_cy<9>)
     MUXCY:CI->O           1   0.052   0.000  XLXI_5/Mcount_count_cy<10> (XLXI_5/Mcount_count_cy<10>)
     MUXCY:CI->O           1   0.052   0.000  XLXI_5/Mcount_count_cy<11> (XLXI_5/Mcount_count_cy<11>)
     MUXCY:CI->O           1   0.052   0.000  XLXI_5/Mcount_count_cy<12> (XLXI_5/Mcount_count_cy<12>)
     MUXCY:CI->O           1   0.052   0.000  XLXI_5/Mcount_count_cy<13> (XLXI_5/Mcount_count_cy<13>)
     MUXCY:CI->O           1   0.052   0.000  XLXI_5/Mcount_count_cy<14> (XLXI_5/Mcount_count_cy<14>)
     MUXCY:CI->O           1   0.052   0.000  XLXI_5/Mcount_count_cy<15> (XLXI_5/Mcount_count_cy<15>)
     MUXCY:CI->O           1   0.052   0.000  XLXI_5/Mcount_count_cy<16> (XLXI_5/Mcount_count_cy<16>)
     MUXCY:CI->O           1   0.052   0.000  XLXI_5/Mcount_count_cy<17> (XLXI_5/Mcount_count_cy<17>)
     MUXCY:CI->O           1   0.052   0.000  XLXI_5/Mcount_count_cy<18> (XLXI_5/Mcount_count_cy<18>)
     MUXCY:CI->O           1   0.052   0.000  XLXI_5/Mcount_count_cy<19> (XLXI_5/Mcount_count_cy<19>)
     MUXCY:CI->O           1   0.052   0.000  XLXI_5/Mcount_count_cy<20> (XLXI_5/Mcount_count_cy<20>)
     MUXCY:CI->O           1   0.052   0.000  XLXI_5/Mcount_count_cy<21> (XLXI_5/Mcount_count_cy<21>)
     MUXCY:CI->O           1   0.052   0.000  XLXI_5/Mcount_count_cy<22> (XLXI_5/Mcount_count_cy<22>)
     MUXCY:CI->O           1   0.052   0.000  XLXI_5/Mcount_count_cy<23> (XLXI_5/Mcount_count_cy<23>)
     MUXCY:CI->O           1   0.052   0.000  XLXI_5/Mcount_count_cy<24> (XLXI_5/Mcount_count_cy<24>)
     MUXCY:CI->O           1   0.052   0.000  XLXI_5/Mcount_count_cy<25> (XLXI_5/Mcount_count_cy<25>)
     MUXCY:CI->O           1   0.052   0.000  XLXI_5/Mcount_count_cy<26> (XLXI_5/Mcount_count_cy<26>)
     MUXCY:CI->O           1   0.052   0.000  XLXI_5/Mcount_count_cy<27> (XLXI_5/Mcount_count_cy<27>)
     MUXCY:CI->O           1   0.052   0.000  XLXI_5/Mcount_count_cy<28> (XLXI_5/Mcount_count_cy<28>)
     MUXCY:CI->O           1   0.052   0.000  XLXI_5/Mcount_count_cy<29> (XLXI_5/Mcount_count_cy<29>)
     MUXCY:CI->O           0   0.052   0.000  XLXI_5/Mcount_count_cy<30> (XLXI_5/Mcount_count_cy<30>)
     XORCY:CI->O           1   0.699   0.426  XLXI_5/Mcount_count_xor<31> (Result<31>)
     LUT2:I1->O            1   0.612   0.000  XLXI_5/Mcount_count_eqn_311 (XLXI_5/Mcount_count_eqn_31)
     FDC:D                     0.268          XLXI_5/count_31
    ----------------------------------------
    Total                      5.560ns (4.603ns logic, 0.958ns route)
                                       (82.8% logic, 17.2% route)

=========================================================================
Timing constraint: Default period analysis for Clock 'XLXI_1/XLXI_1/tmp'
  Clock period: 2.313ns (frequency: 432.339MHz)
  Total number of paths / destination ports: 3 / 2
-------------------------------------------------------------------------
Delay:               2.313ns (Levels of Logic = 1)
  Source:            XLXI_1/XLXI_3/tmp_0 (FF)
  Destination:       XLXI_1/XLXI_3/tmp_1 (FF)
  Source Clock:      XLXI_1/XLXI_1/tmp rising
  Destination Clock: XLXI_1/XLXI_1/tmp rising

  Data Path: XLXI_1/XLXI_3/tmp_0 to XLXI_1/XLXI_3/tmp_1
                                Gate     Net
    Cell:in->out      fanout   Delay   Delay  Logical Name (Net Name)
    ----------------------------------------  ------------
     FDR:C->Q             14   0.514   0.919  XLXI_1/XLXI_3/tmp_0 (XLXI_1/XLXI_3/tmp_0)
     LUT2:I1->O            1   0.612   0.000  XLXI_1/XLXI_3/Mcount_tmp_xor<1>11 (Result<1>1)
     FD:D                      0.268          XLXI_1/XLXI_3/tmp_1
    ----------------------------------------
    Total                      2.313ns (1.394ns logic, 0.919ns route)
                                       (60.3% logic, 39.7% route)

=========================================================================
Timing constraint: Default period analysis for Clock 'XLXI_5/tmp'
  Clock period: 5.448ns (frequency: 183.560MHz)
  Total number of paths / destination ports: 314 / 50
-------------------------------------------------------------------------
Delay:               5.448ns (Levels of Logic = 3)
  Source:            XLXI_3/houru_counter74190/tmp_3 (FF)
  Destination:       XLXI_3/houru_counter74190/tmp_3 (FF)
  Source Clock:      XLXI_5/tmp rising
  Destination Clock: XLXI_5/tmp rising

  Data Path: XLXI_3/houru_counter74190/tmp_3 to XLXI_3/houru_counter74190/tmp_3
                                Gate     Net
    Cell:in->out      fanout   Delay   Delay  Logical Name (Net Name)
    ----------------------------------------  ------------
     FDRE:C->Q             5   0.514   0.690  XLXI_3/houru_counter74190/tmp_3 (XLXI_3/houru_counter74190/tmp_3)
     LUT4:I0->O            1   0.612   0.509  XLXI_4/_n000011 (XLXI_4/_n000011)
     LUT3_D:I0->O          7   0.612   0.605  XLXI_4/_n000032 (XLXN_6)
     LUT4:I3->O            4   0.612   0.499  XLXI_3/mind_counter74190/tmp_or00001 (XLXI_3/mind_counter74190/tmp_or0000)
     FDRE:R                    0.795          XLXI_3/mind_counter74190/tmp_0
    ----------------------------------------
    Total                      5.448ns (3.145ns logic, 2.303ns route)
                                       (57.7% logic, 42.3% route)

=========================================================================
Timing constraint: Default OFFSET IN BEFORE for Clock 'XLXI_5/tmp'
  Total number of paths / destination ports: 35 / 35
-------------------------------------------------------------------------
Offset:              5.155ns (Levels of Logic = 3)
  Source:            reset (PAD)
  Destination:       XLXI_3/hourd_counter74190/tmp_3 (FF)
  Destination Clock: XLXI_5/tmp rising

  Data Path: reset to XLXI_3/hourd_counter74190/tmp_3
                                Gate     Net
    Cell:in->out      fanout   Delay   Delay  Logical Name (Net Name)
    ----------------------------------------  ------------
     IBUF:I->O             1   1.106   0.357  reset_IBUF (reset_IBUF)
     INV:I->O             23   0.612   1.174  XLXI_7 (XLXN_14)
     LUT4:I0->O            4   0.612   0.499  XLXI_3/hourd_counter74190/tmp_or00001 (XLXI_3/hourd_counter74190/tmp_or0000)
     FDRE:R                    0.795          XLXI_3/hourd_counter74190/tmp_0
    ----------------------------------------
    Total                      5.155ns (3.125ns logic, 2.030ns route)
                                       (60.6% logic, 39.4% route)

=========================================================================
Timing constraint: Default OFFSET OUT AFTER for Clock 'XLXI_1/XLXI_1/tmp'
  Total number of paths / destination ports: 92 / 11
-------------------------------------------------------------------------
Offset:              7.298ns (Levels of Logic = 4)
  Source:            XLXI_1/XLXI_3/tmp_0 (FF)
  Destination:       Display<6> (PAD)
  Source Clock:      XLXI_1/XLXI_1/tmp rising

  Data Path: XLXI_1/XLXI_3/tmp_0 to Display<6>
                                Gate     Net
    Cell:in->out      fanout   Delay   Delay  Logical Name (Net Name)
    ----------------------------------------  ------------
     FDR:C->Q             14   0.514   1.002  XLXI_1/XLXI_3/tmp_0 (XLXI_1/XLXI_3/tmp_0)
     LUT3:I0->O            1   0.612   0.000  XLXI_1/XLXI_3/Mmux_q_31 (XLXI_1/XLXI_3/Mmux_q_31)
     MUXF5:I1->O           7   0.278   0.754  XLXI_1/XLXI_3/Mmux_q_2_f5_0 (XLXI_1/XLXN_2<1>)
     LUT4:I0->O            1   0.612   0.357  XLXI_1/XLXI_2/Mrom_led21 (Display_2_OBUF)
     OBUF:I->O                 3.169          Display_2_OBUF (Display<2>)
    ----------------------------------------
    Total                      7.298ns (5.185ns logic, 2.113ns route)
                                       (71.0% logic, 29.0% route)

=========================================================================
Timing constraint: Default OFFSET OUT AFTER for Clock 'XLXI_5/tmp'
  Total number of paths / destination ports: 112 / 7
-------------------------------------------------------------------------
Offset:              6.967ns (Levels of Logic = 4)
  Source:            XLXI_3/houru_counter74190/tmp_1 (FF)
  Destination:       Display<6> (PAD)
  Source Clock:      XLXI_5/tmp rising

  Data Path: XLXI_3/houru_counter74190/tmp_1 to Display<6>
                                Gate     Net
    Cell:in->out      fanout   Delay   Delay  Logical Name (Net Name)
    ----------------------------------------  ------------
     FDRE:C->Q             7   0.514   0.671  XLXI_3/houru_counter74190/tmp_1 (XLXI_3/houru_counter74190/tmp_1)
     LUT3:I1->O            1   0.612   0.000  XLXI_1/XLXI_3/Mmux_q_31 (XLXI_1/XLXI_3/Mmux_q_31)
     MUXF5:I1->O           7   0.278   0.754  XLXI_1/XLXI_3/Mmux_q_2_f5_0 (XLXI_1/XLXN_2<1>)
     LUT4:I0->O            1   0.612   0.357  XLXI_1/XLXI_2/Mrom_led21 (Display_2_OBUF)
     OBUF:I->O                 3.169          Display_2_OBUF (Display<2>)
    ----------------------------------------
    Total                      6.967ns (5.185ns logic, 1.782ns route)
                                       (74.4% logic, 25.6% route)

=========================================================================


Total REAL time to Xst completion: 4.00 secs
Total CPU time to Xst completion: 4.52 secs
 
--> 


Total memory usage is 537364 kilobytes

Number of errors   :    0 (   0 filtered)
Number of warnings :   10 (   0 filtered)
Number of infos    :    6 (   0 filtered)

